<?xml version="1.0" encoding="UTF-8"?>
<testng-results ignored="0" total="1" passed="1" failed="0" skipped="0">
  <reporter-output>
  </reporter-output>
  <suite started-at="2023-09-12T19:29:18 IST" name="Default suite" finished-at="2023-09-12T19:29:43 IST" duration-ms="25196">
    <groups>
    </groups>
    <test started-at="2023-09-12T19:29:18 IST" name="Default test" finished-at="2023-09-12T19:29:43 IST" duration-ms="25196">
      <class name="com.group6.AmazonAutomation.TestCases.LanguageChange">
        <test-method is-config="true" signature="beforeMethod()[pri:0, instance:com.group6.AmazonAutomation.TestCases.LanguageChange@3224a577]" started-at="2023-09-12T19:29:18 IST" name="beforeMethod" finished-at="2023-09-12T19:29:21 IST" duration-ms="3235" status="PASS">
          <reporter-output>
          </reporter-output>
        </test-method> <!-- beforeMethod -->
        <test-method signature="changeCountry()[pri:0, instance:com.group6.AmazonAutomation.TestCases.LanguageChange@3224a577]" started-at="2023-09-12T19:29:21 IST" name="changeCountry" finished-at="2023-09-12T19:29:42 IST" duration-ms="20541" status="PASS">
          <reporter-output>
          </reporter-output>
        </test-method> <!-- changeCountry -->
        <test-method is-config="true" signature="afterMethod()[pri:0, instance:com.group6.AmazonAutomation.TestCases.LanguageChange@3224a577]" started-at="2023-09-12T19:29:42 IST" name="afterMethod" finished-at="2023-09-12T19:29:43 IST" duration-ms="1381" status="PASS">
          <reporter-output>
          </reporter-output>
        </test-method> <!-- afterMethod -->
      </class> <!-- com.group6.AmazonAutomation.TestCases.LanguageChange -->
    </test> <!-- Default test -->
  </suite> <!-- Default suite -->
</testng-results>
